[2026-01-21 19:46:45:700]  INFO  68689 --- [           main] k.a.backend.AllcllBackendApplication     : Starting AllcllBackendApplication using Java 21.0.5 with PID 68689 (/Users/leejin/Documents/Projects/allcll/allcll-backend/build/classes/java/main started by leejin in /Users/leejin/Documents/Projects/allcll/allcll-backend)
[2026-01-21 19:46:45:702]  INFO  68689 --- [           main] k.a.backend.AllcllBackendApplication     : The following 1 profile is active: "local"
[2026-01-21 19:46:46:1548]  INFO  68689 --- [           main] .s.d.r.c.RepositoryConfigurationDelegate : Bootstrapping Spring Data JPA repositories in DEFAULT mode.
[2026-01-21 19:46:46:1611]  INFO  68689 --- [           main] .s.d.r.c.RepositoryConfigurationDelegate : Finished Spring Data repository scanning in 57 ms. Found 13 JPA repository interfaces.
[2026-01-21 19:46:47:2843]  INFO  68689 --- [           main] o.s.b.w.e.tomcat.TomcatWebServer         : Tomcat initialized with port 8080 (http)
[2026-01-21 19:46:47:2859]  INFO  68689 --- [           main] o.a.coyote.http11.Http11NioProtocol      : Initializing ProtocolHandler ["http-nio-8080"]
[2026-01-21 19:46:47:2861]  INFO  68689 --- [           main] o.a.catalina.core.StandardService        : Starting service [Tomcat]
[2026-01-21 19:46:47:2861]  INFO  68689 --- [           main] o.a.catalina.core.StandardEngine         : Starting Servlet engine: [Apache Tomcat/10.1.34]
[2026-01-21 19:46:47:2908]  INFO  68689 --- [           main] o.a.c.c.C.[Tomcat].[localhost].[/]       : Initializing Spring embedded WebApplicationContext
[2026-01-21 19:46:47:2909]  INFO  68689 --- [           main] w.s.c.ServletWebServerApplicationContext : Root WebApplicationContext: initialization completed in 2174 ms
[2026-01-21 19:46:48:3201]  INFO  68689 --- [           main] o.h.jpa.internal.util.LogHelper          : HHH000204: Processing PersistenceUnitInfo [name: default]
[2026-01-21 19:46:48:3243]  INFO  68689 --- [           main] org.hibernate.Version                    : HHH000412: Hibernate ORM core version 6.6.4.Final
[2026-01-21 19:46:48:3264]  INFO  68689 --- [           main] o.h.c.i.RegionFactoryInitiator           : HHH000026: Second-level cache disabled
[2026-01-21 19:46:48:3438]  INFO  68689 --- [           main] o.s.o.j.p.SpringPersistenceUnitInfo      : No LoadTimeWeaver setup: ignoring JPA class transformer
[2026-01-21 19:46:48:3455]  INFO  68689 --- [           main] com.zaxxer.hikari.HikariDataSource       : HikariPool-1 - Starting...
[2026-01-21 19:46:48:3566]  INFO  68689 --- [           main] com.zaxxer.hikari.pool.HikariPool        : HikariPool-1 - Added connection conn0: url=jdbc:h2:mem:test user=SA
[2026-01-21 19:46:48:3567]  INFO  68689 --- [           main] com.zaxxer.hikari.HikariDataSource       : HikariPool-1 - Start completed.
[2026-01-21 19:46:48:3595]  INFO  68689 --- [           main] o.hibernate.orm.connections.pooling      : HHH10001005: Database info:
	Database JDBC URL [Connecting through datasource 'HikariDataSource (HikariPool-1)']
	Database driver: undefined/unknown
	Database version: 2.3.232
	Autocommit mode: undefined/unknown
	Isolation level: undefined/unknown
	Minimum pool size: undefined/unknown
	Maximum pool size: undefined/unknown
[2026-01-21 19:46:49:4670]  INFO  68689 --- [           main] o.h.e.t.j.p.i.JtaPlatformInitiator       : HHH000489: No JTA platform available (set 'hibernate.transaction.jta.platform' to enable JTA platform integration)
[2026-01-21 19:46:49:4739]  INFO  68689 --- [           main] j.LocalContainerEntityManagerFactoryBean : Initialized JPA EntityManagerFactory for persistence unit 'default'
[2026-01-21 19:46:50:5491]  INFO  68689 --- [           main] o.s.d.j.r.query.QueryEnhancerFactory     : Hibernate is in classpath; If applicable, HQL parser will be used.
[2026-01-21 19:46:51:6547]  INFO  68689 --- [           main] k.a.backend.client.EmailProperties       : EmailProperties 접근
[2026-01-21 19:46:51:6943]  INFO  68689 --- [           main] j.LocalContainerEntityManagerFactoryBean : Closing JPA EntityManagerFactory for persistence unit 'default'
[2026-01-21 19:46:51:6961]  INFO  68689 --- [           main] com.zaxxer.hikari.HikariDataSource       : HikariPool-1 - Shutdown initiated...
[2026-01-21 19:46:51:6964]  INFO  68689 --- [           main] com.zaxxer.hikari.HikariDataSource       : HikariPool-1 - Shutdown completed.
[2026-01-21 19:46:51:6966]  INFO  68689 --- [           main] o.a.catalina.core.StandardService        : Stopping service [Tomcat]
[2026-01-21 19:46:51:6980]  INFO  68689 --- [           main] .s.b.a.l.ConditionEvaluationReportLogger : 

Error starting ApplicationContext. To display the condition evaluation report re-run your application with 'debug' enabled.
[2026-01-21 19:49:33:530]  INFO  68957 --- [           main] k.a.backend.AllcllBackendApplication     : Starting AllcllBackendApplication using Java 21.0.5 with PID 68957 (/Users/leejin/Documents/Projects/allcll/allcll-backend/build/classes/java/main started by leejin in /Users/leejin/Documents/Projects/allcll/allcll-backend)
[2026-01-21 19:49:33:531]  INFO  68957 --- [           main] k.a.backend.AllcllBackendApplication     : The following 1 profile is active: "local"
[2026-01-21 19:49:33:1360]  INFO  68957 --- [           main] .s.d.r.c.RepositoryConfigurationDelegate : Bootstrapping Spring Data JPA repositories in DEFAULT mode.
[2026-01-21 19:49:33:1417]  INFO  68957 --- [           main] .s.d.r.c.RepositoryConfigurationDelegate : Finished Spring Data repository scanning in 51 ms. Found 13 JPA repository interfaces.
[2026-01-21 19:49:35:2508]  INFO  68957 --- [           main] o.s.b.w.e.tomcat.TomcatWebServer         : Tomcat initialized with port 8080 (http)
[2026-01-21 19:49:35:2522]  INFO  68957 --- [           main] o.a.coyote.http11.Http11NioProtocol      : Initializing ProtocolHandler ["http-nio-8080"]
[2026-01-21 19:49:35:2524]  INFO  68957 --- [           main] o.a.catalina.core.StandardService        : Starting service [Tomcat]
[2026-01-21 19:49:35:2525]  INFO  68957 --- [           main] o.a.catalina.core.StandardEngine         : Starting Servlet engine: [Apache Tomcat/10.1.34]
[2026-01-21 19:49:35:2565]  INFO  68957 --- [           main] o.a.c.c.C.[Tomcat].[localhost].[/]       : Initializing Spring embedded WebApplicationContext
[2026-01-21 19:49:35:2566]  INFO  68957 --- [           main] w.s.c.ServletWebServerApplicationContext : Root WebApplicationContext: initialization completed in 2005 ms
[2026-01-21 19:49:35:2840]  INFO  68957 --- [           main] o.h.jpa.internal.util.LogHelper          : HHH000204: Processing PersistenceUnitInfo [name: default]
[2026-01-21 19:49:35:2879]  INFO  68957 --- [           main] org.hibernate.Version                    : HHH000412: Hibernate ORM core version 6.6.4.Final
[2026-01-21 19:49:35:2896]  INFO  68957 --- [           main] o.h.c.i.RegionFactoryInitiator           : HHH000026: Second-level cache disabled
[2026-01-21 19:49:35:3064]  INFO  68957 --- [           main] o.s.o.j.p.SpringPersistenceUnitInfo      : No LoadTimeWeaver setup: ignoring JPA class transformer
[2026-01-21 19:49:35:3080]  INFO  68957 --- [           main] com.zaxxer.hikari.HikariDataSource       : HikariPool-1 - Starting...
[2026-01-21 19:49:35:3193]  INFO  68957 --- [           main] com.zaxxer.hikari.pool.HikariPool        : HikariPool-1 - Added connection conn0: url=jdbc:h2:mem:test user=SA
[2026-01-21 19:49:35:3194]  INFO  68957 --- [           main] com.zaxxer.hikari.HikariDataSource       : HikariPool-1 - Start completed.
[2026-01-21 19:49:35:3227]  INFO  68957 --- [           main] o.hibernate.orm.connections.pooling      : HHH10001005: Database info:
	Database JDBC URL [Connecting through datasource 'HikariDataSource (HikariPool-1)']
	Database driver: undefined/unknown
	Database version: 2.3.232
	Autocommit mode: undefined/unknown
	Isolation level: undefined/unknown
	Minimum pool size: undefined/unknown
	Maximum pool size: undefined/unknown
[2026-01-21 19:49:36:4232]  INFO  68957 --- [           main] o.h.e.t.j.p.i.JtaPlatformInitiator       : HHH000489: No JTA platform available (set 'hibernate.transaction.jta.platform' to enable JTA platform integration)
[2026-01-21 19:49:36:4299]  INFO  68957 --- [           main] j.LocalContainerEntityManagerFactoryBean : Initialized JPA EntityManagerFactory for persistence unit 'default'
[2026-01-21 19:49:37:4872]  INFO  68957 --- [           main] o.s.d.j.r.query.QueryEnhancerFactory     : Hibernate is in classpath; If applicable, HQL parser will be used.
[2026-01-21 19:49:38:6113]  INFO  68957 --- [           main] k.a.backend.client.EmailProperties       : EmailProperties 접근
[2026-01-21 19:49:39:7026]  INFO  68957 --- [           main] o.s.b.a.h.H2ConsoleAutoConfiguration     : H2 console available at '/h2-console'. Database available at 'jdbc:h2:mem:test'
[2026-01-21 19:49:39:7320]  INFO  68957 --- [           main] o.s.b.a.e.web.EndpointLinksResolver      : Exposing 1 endpoint beneath base path '/actuator'
[2026-01-21 19:49:39:7406]  INFO  68957 --- [           main] o.a.coyote.http11.Http11NioProtocol      : Starting ProtocolHandler ["http-nio-8080"]
[2026-01-21 19:49:39:7416]  INFO  68957 --- [           main] o.s.b.w.e.tomcat.TomcatWebServer         : Tomcat started on port 8080 (http) with context path '/'
[2026-01-21 19:49:39:7434]  INFO  68957 --- [           main] k.a.backend.AllcllBackendApplication     : Started AllcllBackendApplication in 7.325 seconds (process running for 7.914)
[2026-01-21 19:49:39:7435]  INFO  68957 --- [   scheduling-1] k.a.b.domain.seat.SeatStorageLogger      : [SEAT_STORAGE_METRICS] []
[2026-01-21 19:49:40:7563]  INFO  68957 --- [   scheduling-1] k.a.b.config.ExternalPreInvoker          : [ExternalPreInvoker] 핀 과목 전달 완료
[2026-01-21 19:49:40:7564]  INFO  68957 --- [   scheduling-1] k.a.b.config.ExternalPreInvoker          : [ExternalPreInvoker] 과목 수신 완료
[2026-01-21 19:49:40:7955]  INFO  68957 --- [on(3)-127.0.0.1] o.a.c.c.C.[Tomcat].[localhost].[/]       : Initializing Spring DispatcherServlet 'dispatcherServlet'
[2026-01-21 19:49:40:7955]  INFO  68957 --- [on(3)-127.0.0.1] o.s.web.servlet.DispatcherServlet        : Initializing Servlet 'dispatcherServlet'
[2026-01-21 19:49:40:7959]  INFO  68957 --- [on(3)-127.0.0.1] o.s.web.servlet.DispatcherServlet        : Completed initialization in 3 ms
[2026-01-21 19:49:41:8570]  INFO  68957 --- [   scheduling-1] k.a.b.config.ExternalPreInvoker          : [ExternalPreInvoker] 과목 수신 완료
[2026-01-21 19:49:42:9577]  INFO  68957 --- [   scheduling-1] k.a.b.config.ExternalPreInvoker          : [ExternalPreInvoker] 과목 수신 완료
[2026-01-21 19:49:43:10582]  INFO  68957 --- [   scheduling-1] k.a.b.config.ExternalPreInvoker          : [ExternalPreInvoker] 과목 수신 완료
[2026-01-21 19:49:44:11588]  INFO  68957 --- [   scheduling-1] k.a.b.config.ExternalPreInvoker          : [ExternalPreInvoker] 과목 수신 완료
[2026-01-21 19:49:45:12593]  INFO  68957 --- [   scheduling-1] k.a.b.config.ExternalPreInvoker          : [ExternalPreInvoker] 과목 수신 완료
[2026-01-21 19:49:46:13604]  INFO  68957 --- [   scheduling-1] k.a.b.config.ExternalPreInvoker          : [ExternalPreInvoker] 과목 수신 완료
[2026-01-21 19:49:47:14611]  INFO  68957 --- [   scheduling-1] k.a.b.config.ExternalPreInvoker          : [ExternalPreInvoker] 과목 수신 완료
[2026-01-21 19:49:48:15616]  INFO  68957 --- [   scheduling-1] k.a.b.config.ExternalPreInvoker          : [ExternalPreInvoker] 과목 수신 완료
[2026-01-21 19:49:49:16622]  INFO  68957 --- [   scheduling-1] k.a.b.config.ExternalPreInvoker          : [ExternalPreInvoker] 과목 수신 완료
[2026-01-21 19:49:49:17436]  INFO  68957 --- [   scheduling-1] k.a.b.domain.seat.SeatStorageLogger      : [SEAT_STORAGE_METRICS] []
[2026-01-21 19:49:50:17571]  INFO  68957 --- [   scheduling-1] k.a.b.config.ExternalPreInvoker          : [ExternalPreInvoker] 핀 과목 전달 완료
[2026-01-21 19:49:50:17633]  INFO  68957 --- [   scheduling-1] k.a.b.config.ExternalPreInvoker          : [ExternalPreInvoker] 과목 수신 완료
[2026-01-21 19:49:51:18638]  INFO  68957 --- [   scheduling-1] k.a.b.config.ExternalPreInvoker          : [ExternalPreInvoker] 과목 수신 완료
[2026-01-21 19:49:52:19645]  INFO  68957 --- [   scheduling-1] k.a.b.config.ExternalPreInvoker          : [ExternalPreInvoker] 과목 수신 완료
[2026-01-21 19:49:53:20650]  INFO  68957 --- [   scheduling-1] k.a.b.config.ExternalPreInvoker          : [ExternalPreInvoker] 과목 수신 완료
[2026-01-21 19:49:54:21656]  INFO  68957 --- [   scheduling-1] k.a.b.config.ExternalPreInvoker          : [ExternalPreInvoker] 과목 수신 완료
[2026-01-21 19:49:55:22662]  INFO  68957 --- [   scheduling-1] k.a.b.config.ExternalPreInvoker          : [ExternalPreInvoker] 과목 수신 완료
[2026-01-21 19:49:56:23668]  INFO  68957 --- [   scheduling-1] k.a.b.config.ExternalPreInvoker          : [ExternalPreInvoker] 과목 수신 완료
[2026-01-21 19:49:57:24676]  INFO  68957 --- [   scheduling-1] k.a.b.config.ExternalPreInvoker          : [ExternalPreInvoker] 과목 수신 완료
[2026-01-21 19:49:58:25680]  INFO  68957 --- [   scheduling-1] k.a.b.config.ExternalPreInvoker          : [ExternalPreInvoker] 과목 수신 완료
[2026-01-21 19:49:59:26686]  INFO  68957 --- [   scheduling-1] k.a.b.config.ExternalPreInvoker          : [ExternalPreInvoker] 과목 수신 완료
[2026-01-21 19:49:59:27434]  INFO  68957 --- [   scheduling-1] k.a.b.domain.seat.SeatStorageLogger      : [SEAT_STORAGE_METRICS] []
[2026-01-21 19:50:00:27581]  INFO  68957 --- [   scheduling-1] k.a.b.config.ExternalPreInvoker          : [ExternalPreInvoker] 핀 과목 전달 완료
[2026-01-21 19:50:00:27693]  INFO  68957 --- [   scheduling-1] k.a.b.config.ExternalPreInvoker          : [ExternalPreInvoker] 과목 수신 완료
[2026-01-21 19:50:01:28697]  INFO  68957 --- [   scheduling-1] k.a.b.config.ExternalPreInvoker          : [ExternalPreInvoker] 과목 수신 완료
[2026-01-21 19:50:02:29704]  INFO  68957 --- [   scheduling-1] k.a.b.config.ExternalPreInvoker          : [ExternalPreInvoker] 과목 수신 완료
[2026-01-21 19:50:03:30710]  INFO  68957 --- [   scheduling-1] k.a.b.config.ExternalPreInvoker          : [ExternalPreInvoker] 과목 수신 완료
[2026-01-21 19:50:04:31716]  INFO  68957 --- [   scheduling-1] k.a.b.config.ExternalPreInvoker          : [ExternalPreInvoker] 과목 수신 완료
[2026-01-21 19:50:05:32723]  INFO  68957 --- [   scheduling-1] k.a.b.config.ExternalPreInvoker          : [ExternalPreInvoker] 과목 수신 완료
[2026-01-21 19:50:06:33730]  INFO  68957 --- [   scheduling-1] k.a.b.config.ExternalPreInvoker          : [ExternalPreInvoker] 과목 수신 완료
[2026-01-21 19:50:07:34739]  INFO  68957 --- [   scheduling-1] k.a.b.config.ExternalPreInvoker          : [ExternalPreInvoker] 과목 수신 완료
[2026-01-21 19:50:08:35748]  INFO  68957 --- [   scheduling-1] k.a.b.config.ExternalPreInvoker          : [ExternalPreInvoker] 과목 수신 완료
[2026-01-21 19:50:09:36751]  INFO  68957 --- [   scheduling-1] k.a.b.config.ExternalPreInvoker          : [ExternalPreInvoker] 과목 수신 완료
[2026-01-21 19:50:09:37436]  INFO  68957 --- [   scheduling-1] k.a.b.domain.seat.SeatStorageLogger      : [SEAT_STORAGE_METRICS] []
[2026-01-21 19:50:10:37593]  INFO  68957 --- [   scheduling-1] k.a.b.config.ExternalPreInvoker          : [ExternalPreInvoker] 핀 과목 전달 완료
[2026-01-21 19:50:10:37754]  INFO  68957 --- [   scheduling-1] k.a.b.config.ExternalPreInvoker          : [ExternalPreInvoker] 과목 수신 완료
[2026-01-21 19:50:11:38759]  INFO  68957 --- [   scheduling-1] k.a.b.config.ExternalPreInvoker          : [ExternalPreInvoker] 과목 수신 완료
[2026-01-21 19:50:12:39766]  INFO  68957 --- [   scheduling-1] k.a.b.config.ExternalPreInvoker          : [ExternalPreInvoker] 과목 수신 완료
[2026-01-21 19:50:13:40769]  INFO  68957 --- [   scheduling-1] k.a.b.config.ExternalPreInvoker          : [ExternalPreInvoker] 과목 수신 완료
[2026-01-21 19:50:14:41772]  INFO  68957 --- [   scheduling-1] k.a.b.config.ExternalPreInvoker          : [ExternalPreInvoker] 과목 수신 완료
[2026-01-21 19:50:15:42781]  INFO  68957 --- [   scheduling-1] k.a.b.config.ExternalPreInvoker          : [ExternalPreInvoker] 과목 수신 완료
[2026-01-21 19:50:16:43790]  INFO  68957 --- [   scheduling-1] k.a.b.config.ExternalPreInvoker          : [ExternalPreInvoker] 과목 수신 완료
[2026-01-21 19:50:17:44798]  INFO  68957 --- [   scheduling-1] k.a.b.config.ExternalPreInvoker          : [ExternalPreInvoker] 과목 수신 완료
[2026-01-21 19:50:18:45803]  INFO  68957 --- [   scheduling-1] k.a.b.config.ExternalPreInvoker          : [ExternalPreInvoker] 과목 수신 완료
[2026-01-21 19:50:19:46809]  INFO  68957 --- [   scheduling-1] k.a.b.config.ExternalPreInvoker          : [ExternalPreInvoker] 과목 수신 완료
[2026-01-21 19:50:19:47436]  INFO  68957 --- [   scheduling-1] k.a.b.domain.seat.SeatStorageLogger      : [SEAT_STORAGE_METRICS] []
[2026-01-21 19:50:20:47606]  INFO  68957 --- [   scheduling-1] k.a.b.config.ExternalPreInvoker          : [ExternalPreInvoker] 핀 과목 전달 완료
[2026-01-21 19:50:20:47816]  INFO  68957 --- [   scheduling-1] k.a.b.config.ExternalPreInvoker          : [ExternalPreInvoker] 과목 수신 완료
[2026-01-21 19:50:21:48826]  INFO  68957 --- [   scheduling-1] k.a.b.config.ExternalPreInvoker          : [ExternalPreInvoker] 과목 수신 완료
[2026-01-21 19:50:22:49831]  INFO  68957 --- [   scheduling-1] k.a.b.config.ExternalPreInvoker          : [ExternalPreInvoker] 과목 수신 완료
[2026-01-21 19:50:23:50837]  INFO  68957 --- [   scheduling-1] k.a.b.config.ExternalPreInvoker          : [ExternalPreInvoker] 과목 수신 완료
[2026-01-21 19:50:24:51842]  INFO  68957 --- [   scheduling-1] k.a.b.config.ExternalPreInvoker          : [ExternalPreInvoker] 과목 수신 완료
[2026-01-21 19:50:25:52851]  INFO  68957 --- [   scheduling-1] k.a.b.config.ExternalPreInvoker          : [ExternalPreInvoker] 과목 수신 완료
[2026-01-21 19:50:26:53859]  INFO  68957 --- [   scheduling-1] k.a.b.config.ExternalPreInvoker          : [ExternalPreInvoker] 과목 수신 완료
[2026-01-21 19:50:27:54867]  INFO  68957 --- [   scheduling-1] k.a.b.config.ExternalPreInvoker          : [ExternalPreInvoker] 과목 수신 완료
[2026-01-21 19:50:28:55873]  INFO  68957 --- [   scheduling-1] k.a.b.config.ExternalPreInvoker          : [ExternalPreInvoker] 과목 수신 완료
[2026-01-21 19:50:29:56876]  INFO  68957 --- [   scheduling-1] k.a.b.config.ExternalPreInvoker          : [ExternalPreInvoker] 과목 수신 완료
[2026-01-21 19:50:29:57436]  INFO  68957 --- [   scheduling-1] k.a.b.domain.seat.SeatStorageLogger      : [SEAT_STORAGE_METRICS] []
[2026-01-21 19:50:30:57613]  INFO  68957 --- [   scheduling-1] k.a.b.config.ExternalPreInvoker          : [ExternalPreInvoker] 핀 과목 전달 완료
[2026-01-21 19:50:30:57885]  INFO  68957 --- [   scheduling-1] k.a.b.config.ExternalPreInvoker          : [ExternalPreInvoker] 과목 수신 완료
[2026-01-21 19:50:31:58892]  INFO  68957 --- [   scheduling-1] k.a.b.config.ExternalPreInvoker          : [ExternalPreInvoker] 과목 수신 완료
[2026-01-21 19:50:32:59900]  INFO  68957 --- [   scheduling-1] k.a.b.config.ExternalPreInvoker          : [ExternalPreInvoker] 과목 수신 완료
[2026-01-21 19:50:33:60906]  INFO  68957 --- [   scheduling-1] k.a.b.config.ExternalPreInvoker          : [ExternalPreInvoker] 과목 수신 완료
[2026-01-21 19:50:34:61913]  INFO  68957 --- [   scheduling-1] k.a.b.config.ExternalPreInvoker          : [ExternalPreInvoker] 과목 수신 완료
[2026-01-21 19:50:35:62919]  INFO  68957 --- [   scheduling-1] k.a.b.config.ExternalPreInvoker          : [ExternalPreInvoker] 과목 수신 완료
[2026-01-21 19:50:36:63926]  INFO  68957 --- [   scheduling-1] k.a.b.config.ExternalPreInvoker          : [ExternalPreInvoker] 과목 수신 완료
[2026-01-21 19:50:37:64938]  INFO  68957 --- [   scheduling-1] k.a.b.config.ExternalPreInvoker          : [ExternalPreInvoker] 과목 수신 완료
[2026-01-21 19:50:38:65945]  INFO  68957 --- [   scheduling-1] k.a.b.config.ExternalPreInvoker          : [ExternalPreInvoker] 과목 수신 완료
[2026-01-21 19:50:39:66951]  INFO  68957 --- [   scheduling-1] k.a.b.config.ExternalPreInvoker          : [ExternalPreInvoker] 과목 수신 완료
[2026-01-21 19:50:39:67436]  INFO  68957 --- [   scheduling-1] k.a.b.domain.seat.SeatStorageLogger      : [SEAT_STORAGE_METRICS] []
[2026-01-21 19:50:40:67623]  INFO  68957 --- [   scheduling-1] k.a.b.config.ExternalPreInvoker          : [ExternalPreInvoker] 핀 과목 전달 완료
[2026-01-21 19:50:40:67958]  INFO  68957 --- [   scheduling-1] k.a.b.config.ExternalPreInvoker          : [ExternalPreInvoker] 과목 수신 완료
[2026-01-21 19:50:41:68965]  INFO  68957 --- [   scheduling-1] k.a.b.config.ExternalPreInvoker          : [ExternalPreInvoker] 과목 수신 완료
[2026-01-21 19:50:42:69968]  INFO  68957 --- [   scheduling-1] k.a.b.config.ExternalPreInvoker          : [ExternalPreInvoker] 과목 수신 완료
[2026-01-21 19:50:43:70972]  INFO  68957 --- [   scheduling-1] k.a.b.config.ExternalPreInvoker          : [ExternalPreInvoker] 과목 수신 완료
[2026-01-21 19:50:44:71977]  INFO  68957 --- [   scheduling-1] k.a.b.config.ExternalPreInvoker          : [ExternalPreInvoker] 과목 수신 완료
[2026-01-21 19:50:45:72983]  INFO  68957 --- [   scheduling-1] k.a.b.config.ExternalPreInvoker          : [ExternalPreInvoker] 과목 수신 완료
[2026-01-21 19:50:46:73988]  INFO  68957 --- [   scheduling-1] k.a.b.config.ExternalPreInvoker          : [ExternalPreInvoker] 과목 수신 완료
[2026-01-21 19:50:47:74994]  INFO  68957 --- [   scheduling-1] k.a.b.config.ExternalPreInvoker          : [ExternalPreInvoker] 과목 수신 완료
[2026-01-21 19:50:48:76000]  INFO  68957 --- [   scheduling-1] k.a.b.config.ExternalPreInvoker          : [ExternalPreInvoker] 과목 수신 완료
[2026-01-21 19:50:49:77005]  INFO  68957 --- [   scheduling-1] k.a.b.config.ExternalPreInvoker          : [ExternalPreInvoker] 과목 수신 완료
[2026-01-21 19:50:49:77437]  INFO  68957 --- [   scheduling-1] k.a.b.domain.seat.SeatStorageLogger      : [SEAT_STORAGE_METRICS] []
[2026-01-21 19:50:50:77633]  INFO  68957 --- [   scheduling-1] k.a.b.config.ExternalPreInvoker          : [ExternalPreInvoker] 핀 과목 전달 완료
[2026-01-21 19:50:50:78010]  INFO  68957 --- [   scheduling-1] k.a.b.config.ExternalPreInvoker          : [ExternalPreInvoker] 과목 수신 완료
[2026-01-21 19:50:51:79013]  INFO  68957 --- [   scheduling-1] k.a.b.config.ExternalPreInvoker          : [ExternalPreInvoker] 과목 수신 완료
[2026-01-21 19:50:52:80015]  INFO  68957 --- [   scheduling-1] k.a.b.config.ExternalPreInvoker          : [ExternalPreInvoker] 과목 수신 완료
[2026-01-21 19:50:53:81023]  INFO  68957 --- [   scheduling-1] k.a.b.config.ExternalPreInvoker          : [ExternalPreInvoker] 과목 수신 완료
[2026-01-21 19:50:54:82033]  INFO  68957 --- [   scheduling-1] k.a.b.config.ExternalPreInvoker          : [ExternalPreInvoker] 과목 수신 완료
[2026-01-21 19:50:55:83039]  INFO  68957 --- [   scheduling-1] k.a.b.config.ExternalPreInvoker          : [ExternalPreInvoker] 과목 수신 완료
[2026-01-21 19:50:56:84048]  INFO  68957 --- [   scheduling-1] k.a.b.config.ExternalPreInvoker          : [ExternalPreInvoker] 과목 수신 완료
[2026-01-21 19:50:57:85054]  INFO  68957 --- [   scheduling-1] k.a.b.config.ExternalPreInvoker          : [ExternalPreInvoker] 과목 수신 완료
[2026-01-21 19:50:58:86059]  INFO  68957 --- [   scheduling-1] k.a.b.config.ExternalPreInvoker          : [ExternalPreInvoker] 과목 수신 완료
[2026-01-21 19:50:59:87066]  INFO  68957 --- [   scheduling-1] k.a.b.config.ExternalPreInvoker          : [ExternalPreInvoker] 과목 수신 완료
[2026-01-21 19:50:59:87439]  INFO  68957 --- [   scheduling-1] k.a.b.domain.seat.SeatStorageLogger      : [SEAT_STORAGE_METRICS] []
[2026-01-21 19:51:00:87642]  INFO  68957 --- [   scheduling-1] k.a.b.config.ExternalPreInvoker          : [ExternalPreInvoker] 핀 과목 전달 완료
[2026-01-21 19:51:00:88068]  INFO  68957 --- [   scheduling-1] k.a.b.config.ExternalPreInvoker          : [ExternalPreInvoker] 과목 수신 완료
[2026-01-21 19:51:01:89073]  INFO  68957 --- [   scheduling-1] k.a.b.config.ExternalPreInvoker          : [ExternalPreInvoker] 과목 수신 완료
[2026-01-21 19:51:02:90079]  INFO  68957 --- [   scheduling-1] k.a.b.config.ExternalPreInvoker          : [ExternalPreInvoker] 과목 수신 완료
[2026-01-21 19:51:03:91086]  INFO  68957 --- [   scheduling-1] k.a.b.config.ExternalPreInvoker          : [ExternalPreInvoker] 과목 수신 완료
[2026-01-21 19:51:04:92089]  INFO  68957 --- [   scheduling-1] k.a.b.config.ExternalPreInvoker          : [ExternalPreInvoker] 과목 수신 완료
[2026-01-21 19:51:05:93095]  INFO  68957 --- [   scheduling-1] k.a.b.config.ExternalPreInvoker          : [ExternalPreInvoker] 과목 수신 완료
[2026-01-21 19:51:06:94101]  INFO  68957 --- [   scheduling-1] k.a.b.config.ExternalPreInvoker          : [ExternalPreInvoker] 과목 수신 완료
[2026-01-21 19:51:07:95103]  INFO  68957 --- [   scheduling-1] k.a.b.config.ExternalPreInvoker          : [ExternalPreInvoker] 과목 수신 완료
[2026-01-21 19:51:08:96106]  INFO  68957 --- [   scheduling-1] k.a.b.config.ExternalPreInvoker          : [ExternalPreInvoker] 과목 수신 완료
[2026-01-21 19:51:09:97111]  INFO  68957 --- [   scheduling-1] k.a.b.config.ExternalPreInvoker          : [ExternalPreInvoker] 과목 수신 완료
[2026-01-21 19:51:09:97437]  INFO  68957 --- [   scheduling-1] k.a.b.domain.seat.SeatStorageLogger      : [SEAT_STORAGE_METRICS] []
[2026-01-21 19:51:10:97648]  INFO  68957 --- [   scheduling-1] k.a.b.config.ExternalPreInvoker          : [ExternalPreInvoker] 핀 과목 전달 완료
[2026-01-21 19:51:10:98117]  INFO  68957 --- [   scheduling-1] k.a.b.config.ExternalPreInvoker          : [ExternalPreInvoker] 과목 수신 완료
[2026-01-21 19:51:11:99123]  INFO  68957 --- [   scheduling-1] k.a.b.config.ExternalPreInvoker          : [ExternalPreInvoker] 과목 수신 완료
[2026-01-21 19:51:12:100128]  INFO  68957 --- [   scheduling-1] k.a.b.config.ExternalPreInvoker          : [ExternalPreInvoker] 과목 수신 완료
[2026-01-21 19:51:13:101134]  INFO  68957 --- [   scheduling-1] k.a.b.config.ExternalPreInvoker          : [ExternalPreInvoker] 과목 수신 완료
[2026-01-21 19:51:14:102140]  INFO  68957 --- [   scheduling-1] k.a.b.config.ExternalPreInvoker          : [ExternalPreInvoker] 과목 수신 완료
[2026-01-21 19:51:15:103146]  INFO  68957 --- [   scheduling-1] k.a.b.config.ExternalPreInvoker          : [ExternalPreInvoker] 과목 수신 완료
[2026-01-21 19:51:16:104152]  INFO  68957 --- [   scheduling-1] k.a.b.config.ExternalPreInvoker          : [ExternalPreInvoker] 과목 수신 완료
[2026-01-21 19:51:17:105158]  INFO  68957 --- [   scheduling-1] k.a.b.config.ExternalPreInvoker          : [ExternalPreInvoker] 과목 수신 완료
[2026-01-21 19:51:18:106164]  INFO  68957 --- [   scheduling-1] k.a.b.config.ExternalPreInvoker          : [ExternalPreInvoker] 과목 수신 완료
[2026-01-21 19:51:19:107171]  INFO  68957 --- [   scheduling-1] k.a.b.config.ExternalPreInvoker          : [ExternalPreInvoker] 과목 수신 완료
[2026-01-21 19:51:19:107438]  INFO  68957 --- [   scheduling-1] k.a.b.domain.seat.SeatStorageLogger      : [SEAT_STORAGE_METRICS] []
[2026-01-21 19:51:20:107656]  INFO  68957 --- [   scheduling-1] k.a.b.config.ExternalPreInvoker          : [ExternalPreInvoker] 핀 과목 전달 완료
[2026-01-21 19:51:20:108178]  INFO  68957 --- [   scheduling-1] k.a.b.config.ExternalPreInvoker          : [ExternalPreInvoker] 과목 수신 완료
[2026-01-21 19:51:21:109184]  INFO  68957 --- [   scheduling-1] k.a.b.config.ExternalPreInvoker          : [ExternalPreInvoker] 과목 수신 완료
[2026-01-21 19:51:22:110188]  INFO  68957 --- [   scheduling-1] k.a.b.config.ExternalPreInvoker          : [ExternalPreInvoker] 과목 수신 완료
[2026-01-21 19:51:23:111195]  INFO  68957 --- [   scheduling-1] k.a.b.config.ExternalPreInvoker          : [ExternalPreInvoker] 과목 수신 완료
[2026-01-21 19:51:24:112201]  INFO  68957 --- [   scheduling-1] k.a.b.config.ExternalPreInvoker          : [ExternalPreInvoker] 과목 수신 완료
[2026-01-21 19:51:25:113207]  INFO  68957 --- [   scheduling-1] k.a.b.config.ExternalPreInvoker          : [ExternalPreInvoker] 과목 수신 완료
[2026-01-21 19:51:26:114214]  INFO  68957 --- [   scheduling-1] k.a.b.config.ExternalPreInvoker          : [ExternalPreInvoker] 과목 수신 완료
[2026-01-21 19:51:27:115215]  INFO  68957 --- [   scheduling-1] k.a.b.config.ExternalPreInvoker          : [ExternalPreInvoker] 과목 수신 완료
[2026-01-21 19:51:28:116221]  INFO  68957 --- [   scheduling-1] k.a.b.config.ExternalPreInvoker          : [ExternalPreInvoker] 과목 수신 완료
[2026-01-21 19:51:29:117226]  INFO  68957 --- [   scheduling-1] k.a.b.config.ExternalPreInvoker          : [ExternalPreInvoker] 과목 수신 완료
[2026-01-21 19:51:29:117438]  INFO  68957 --- [   scheduling-1] k.a.b.domain.seat.SeatStorageLogger      : [SEAT_STORAGE_METRICS] []
[2026-01-21 19:51:30:117662]  INFO  68957 --- [   scheduling-1] k.a.b.config.ExternalPreInvoker          : [ExternalPreInvoker] 핀 과목 전달 완료
[2026-01-21 19:51:30:118232]  INFO  68957 --- [   scheduling-1] k.a.b.config.ExternalPreInvoker          : [ExternalPreInvoker] 과목 수신 완료
[2026-01-21 19:51:31:118767]  INFO  68957 --- [ionShutdownHook] o.s.b.w.e.tomcat.GracefulShutdown        : Commencing graceful shutdown. Waiting for active requests to complete
[2026-01-21 19:51:31:118776]  INFO  68957 --- [tomcat-shutdown] o.s.b.w.e.tomcat.GracefulShutdown        : Graceful shutdown complete
[2026-01-21 19:51:31:118789]  INFO  68957 --- [ionShutdownHook] j.LocalContainerEntityManagerFactoryBean : Closing JPA EntityManagerFactory for persistence unit 'default'
[2026-01-21 19:51:31:118808]  INFO  68957 --- [ionShutdownHook] com.zaxxer.hikari.HikariDataSource       : HikariPool-1 - Shutdown initiated...
[2026-01-21 19:51:31:118817]  INFO  68957 --- [ionShutdownHook] com.zaxxer.hikari.HikariDataSource       : HikariPool-1 - Shutdown completed.
[2026-01-21 19:51:35:665]  INFO  69188 --- [           main] k.a.backend.AllcllBackendApplication     : Starting AllcllBackendApplication using Java 21.0.5 with PID 69188 (/Users/leejin/Documents/Projects/allcll/allcll-backend/build/classes/java/main started by leejin in /Users/leejin/Documents/Projects/allcll/allcll-backend)
[2026-01-21 19:51:35:667]  INFO  69188 --- [           main] k.a.backend.AllcllBackendApplication     : The following 1 profile is active: "local"
[2026-01-21 19:51:36:1526]  INFO  69188 --- [           main] .s.d.r.c.RepositoryConfigurationDelegate : Bootstrapping Spring Data JPA repositories in DEFAULT mode.
[2026-01-21 19:51:36:1589]  INFO  69188 --- [           main] .s.d.r.c.RepositoryConfigurationDelegate : Finished Spring Data repository scanning in 57 ms. Found 13 JPA repository interfaces.
[2026-01-21 19:51:37:2737]  INFO  69188 --- [           main] o.s.b.w.e.tomcat.TomcatWebServer         : Tomcat initialized with port 8080 (http)
[2026-01-21 19:51:37:2748]  INFO  69188 --- [           main] o.a.coyote.http11.Http11NioProtocol      : Initializing ProtocolHandler ["http-nio-8080"]
[2026-01-21 19:51:37:2750]  INFO  69188 --- [           main] o.a.catalina.core.StandardService        : Starting service [Tomcat]
[2026-01-21 19:51:37:2750]  INFO  69188 --- [           main] o.a.catalina.core.StandardEngine         : Starting Servlet engine: [Apache Tomcat/10.1.34]
[2026-01-21 19:51:37:2790]  INFO  69188 --- [           main] o.a.c.c.C.[Tomcat].[localhost].[/]       : Initializing Spring embedded WebApplicationContext
[2026-01-21 19:51:37:2791]  INFO  69188 --- [           main] w.s.c.ServletWebServerApplicationContext : Root WebApplicationContext: initialization completed in 2092 ms
[2026-01-21 19:51:38:3080]  INFO  69188 --- [           main] o.h.jpa.internal.util.LogHelper          : HHH000204: Processing PersistenceUnitInfo [name: default]
[2026-01-21 19:51:38:3114]  INFO  69188 --- [           main] org.hibernate.Version                    : HHH000412: Hibernate ORM core version 6.6.4.Final
[2026-01-21 19:51:38:3129]  INFO  69188 --- [           main] o.h.c.i.RegionFactoryInitiator           : HHH000026: Second-level cache disabled
[2026-01-21 19:51:38:3269]  INFO  69188 --- [           main] o.s.o.j.p.SpringPersistenceUnitInfo      : No LoadTimeWeaver setup: ignoring JPA class transformer
[2026-01-21 19:51:38:3285]  INFO  69188 --- [           main] com.zaxxer.hikari.HikariDataSource       : HikariPool-1 - Starting...
[2026-01-21 19:51:38:3385]  INFO  69188 --- [           main] com.zaxxer.hikari.pool.HikariPool        : HikariPool-1 - Added connection conn0: url=jdbc:h2:mem:test user=SA
[2026-01-21 19:51:38:3386]  INFO  69188 --- [           main] com.zaxxer.hikari.HikariDataSource       : HikariPool-1 - Start completed.
[2026-01-21 19:51:38:3414]  INFO  69188 --- [           main] o.hibernate.orm.connections.pooling      : HHH10001005: Database info:
	Database JDBC URL [Connecting through datasource 'HikariDataSource (HikariPool-1)']
	Database driver: undefined/unknown
	Database version: 2.3.232
	Autocommit mode: undefined/unknown
	Isolation level: undefined/unknown
	Minimum pool size: undefined/unknown
	Maximum pool size: undefined/unknown
[2026-01-21 19:51:39:4410]  INFO  69188 --- [           main] o.h.e.t.j.p.i.JtaPlatformInitiator       : HHH000489: No JTA platform available (set 'hibernate.transaction.jta.platform' to enable JTA platform integration)
[2026-01-21 19:51:39:4474]  INFO  69188 --- [           main] j.LocalContainerEntityManagerFactoryBean : Initialized JPA EntityManagerFactory for persistence unit 'default'
[2026-01-21 19:51:40:5035]  INFO  69188 --- [           main] o.s.d.j.r.query.QueryEnhancerFactory     : Hibernate is in classpath; If applicable, HQL parser will be used.
[2026-01-21 19:51:41:5982]  INFO  69188 --- [           main] k.a.backend.client.EmailProperties       : EmailProperties 접근
[2026-01-21 19:51:42:7037]  INFO  69188 --- [           main] o.s.b.a.h.H2ConsoleAutoConfiguration     : H2 console available at '/h2-console'. Database available at 'jdbc:h2:mem:test'
[2026-01-21 19:51:42:7059]  INFO  69188 --- [           main] o.s.b.a.e.web.EndpointLinksResolver      : Exposing 1 endpoint beneath base path '/actuator'
[2026-01-21 19:51:42:7100]  INFO  69188 --- [           main] o.a.coyote.http11.Http11NioProtocol      : Starting ProtocolHandler ["http-nio-8080"]
[2026-01-21 19:51:42:7106]  INFO  69188 --- [           main] o.s.b.w.e.tomcat.TomcatWebServer         : Tomcat started on port 8080 (http) with context path '/'
[2026-01-21 19:51:42:7116]  INFO  69188 --- [           main] k.a.backend.AllcllBackendApplication     : Started AllcllBackendApplication in 6.936 seconds (process running for 7.625)
[2026-01-21 19:51:42:7118]  INFO  69188 --- [   scheduling-1] k.a.b.domain.seat.SeatStorageLogger      : [SEAT_STORAGE_METRICS] []
[2026-01-21 19:51:42:7197]  INFO  69188 --- [   scheduling-1] k.a.b.config.ExternalPreInvoker          : [ExternalPreInvoker] 핀 과목 전달 완료
[2026-01-21 19:51:42:7198]  INFO  69188 --- [   scheduling-1] k.a.b.config.ExternalPreInvoker          : [ExternalPreInvoker] 과목 수신 완료
[2026-01-21 19:51:42:7323]  INFO  69188 --- [on(4)-127.0.0.1] o.a.c.c.C.[Tomcat].[localhost].[/]       : Initializing Spring DispatcherServlet 'dispatcherServlet'
[2026-01-21 19:51:42:7324]  INFO  69188 --- [on(4)-127.0.0.1] o.s.web.servlet.DispatcherServlet        : Initializing Servlet 'dispatcherServlet'
[2026-01-21 19:51:42:7326]  INFO  69188 --- [on(4)-127.0.0.1] o.s.web.servlet.DispatcherServlet        : Completed initialization in 2 ms
[2026-01-21 19:51:43:8206]  INFO  69188 --- [   scheduling-1] k.a.b.config.ExternalPreInvoker          : [ExternalPreInvoker] 과목 수신 완료
[2026-01-21 19:51:44:9209]  INFO  69188 --- [   scheduling-1] k.a.b.config.ExternalPreInvoker          : [ExternalPreInvoker] 과목 수신 완료
[2026-01-21 19:51:45:10217]  INFO  69188 --- [   scheduling-1] k.a.b.config.ExternalPreInvoker          : [ExternalPreInvoker] 과목 수신 완료
[2026-01-21 19:51:46:11226]  INFO  69188 --- [   scheduling-1] k.a.b.config.ExternalPreInvoker          : [ExternalPreInvoker] 과목 수신 완료
[2026-01-21 19:51:47:12232]  INFO  69188 --- [   scheduling-1] k.a.b.config.ExternalPreInvoker          : [ExternalPreInvoker] 과목 수신 완료
[2026-01-21 19:51:48:13241]  INFO  69188 --- [   scheduling-1] k.a.b.config.ExternalPreInvoker          : [ExternalPreInvoker] 과목 수신 완료
[2026-01-21 19:51:49:14248]  INFO  69188 --- [   scheduling-1] k.a.b.config.ExternalPreInvoker          : [ExternalPreInvoker] 과목 수신 완료
[2026-01-21 19:51:50:15257]  INFO  69188 --- [   scheduling-1] k.a.b.config.ExternalPreInvoker          : [ExternalPreInvoker] 과목 수신 완료
[2026-01-21 19:51:51:16263]  INFO  69188 --- [   scheduling-1] k.a.b.config.ExternalPreInvoker          : [ExternalPreInvoker] 과목 수신 완료
[2026-01-21 19:51:52:17117]  INFO  69188 --- [   scheduling-1] k.a.b.domain.seat.SeatStorageLogger      : [SEAT_STORAGE_METRICS] []
[2026-01-21 19:51:52:17218]  INFO  69188 --- [   scheduling-1] k.a.b.config.ExternalPreInvoker          : [ExternalPreInvoker] 핀 과목 전달 완료
[2026-01-21 19:51:52:17273]  INFO  69188 --- [   scheduling-1] k.a.b.config.ExternalPreInvoker          : [ExternalPreInvoker] 과목 수신 완료
[2026-01-21 19:51:53:18276]  INFO  69188 --- [   scheduling-1] k.a.b.config.ExternalPreInvoker          : [ExternalPreInvoker] 과목 수신 완료
[2026-01-21 19:51:54:19281]  INFO  69188 --- [   scheduling-1] k.a.b.config.ExternalPreInvoker          : [ExternalPreInvoker] 과목 수신 완료
[2026-01-21 19:51:55:20291]  INFO  69188 --- [   scheduling-1] k.a.b.config.ExternalPreInvoker          : [ExternalPreInvoker] 과목 수신 완료
[2026-01-21 19:51:56:21296]  INFO  69188 --- [   scheduling-1] k.a.b.config.ExternalPreInvoker          : [ExternalPreInvoker] 과목 수신 완료
[2026-01-21 19:51:57:22303]  INFO  69188 --- [   scheduling-1] k.a.b.config.ExternalPreInvoker          : [ExternalPreInvoker] 과목 수신 완료
[2026-01-21 19:51:58:23315]  INFO  69188 --- [   scheduling-1] k.a.b.config.ExternalPreInvoker          : [ExternalPreInvoker] 과목 수신 완료
[2026-01-21 19:51:59:24319]  INFO  69188 --- [   scheduling-1] k.a.b.config.ExternalPreInvoker          : [ExternalPreInvoker] 과목 수신 완료
[2026-01-21 19:52:00:25322]  INFO  69188 --- [   scheduling-1] k.a.b.config.ExternalPreInvoker          : [ExternalPreInvoker] 과목 수신 완료
[2026-01-21 19:52:01:26328]  INFO  69188 --- [   scheduling-1] k.a.b.config.ExternalPreInvoker          : [ExternalPreInvoker] 과목 수신 완료
[2026-01-21 19:52:02:27122]  INFO  69188 --- [   scheduling-1] k.a.b.domain.seat.SeatStorageLogger      : [SEAT_STORAGE_METRICS] []
[2026-01-21 19:52:02:27253]  INFO  69188 --- [   scheduling-1] k.a.b.config.ExternalPreInvoker          : [ExternalPreInvoker] 핀 과목 전달 완료
[2026-01-21 19:52:02:27334]  INFO  69188 --- [   scheduling-1] k.a.b.config.ExternalPreInvoker          : [ExternalPreInvoker] 과목 수신 완료
[2026-01-21 19:52:03:28341]  INFO  69188 --- [   scheduling-1] k.a.b.config.ExternalPreInvoker          : [ExternalPreInvoker] 과목 수신 완료
[2026-01-21 19:52:04:29348]  INFO  69188 --- [   scheduling-1] k.a.b.config.ExternalPreInvoker          : [ExternalPreInvoker] 과목 수신 완료
[2026-01-21 19:52:05:30355]  INFO  69188 --- [   scheduling-1] k.a.b.config.ExternalPreInvoker          : [ExternalPreInvoker] 과목 수신 완료
[2026-01-21 19:52:06:31361]  INFO  69188 --- [   scheduling-1] k.a.b.config.ExternalPreInvoker          : [ExternalPreInvoker] 과목 수신 완료
[2026-01-21 19:52:07:32365]  INFO  69188 --- [   scheduling-1] k.a.b.config.ExternalPreInvoker          : [ExternalPreInvoker] 과목 수신 완료
[2026-01-21 19:52:08:33373]  INFO  69188 --- [   scheduling-1] k.a.b.config.ExternalPreInvoker          : [ExternalPreInvoker] 과목 수신 완료
[2026-01-21 19:52:09:34385]  INFO  69188 --- [   scheduling-1] k.a.b.config.ExternalPreInvoker          : [ExternalPreInvoker] 과목 수신 완료
[2026-01-21 19:52:10:35391]  INFO  69188 --- [   scheduling-1] k.a.b.config.ExternalPreInvoker          : [ExternalPreInvoker] 과목 수신 완료
[2026-01-21 19:52:11:36396]  INFO  69188 --- [   scheduling-1] k.a.b.config.ExternalPreInvoker          : [ExternalPreInvoker] 과목 수신 완료
[2026-01-21 19:52:12:37115]  INFO  69188 --- [   scheduling-1] k.a.b.domain.seat.SeatStorageLogger      : [SEAT_STORAGE_METRICS] []
[2026-01-21 19:52:12:37263]  INFO  69188 --- [   scheduling-1] k.a.b.config.ExternalPreInvoker          : [ExternalPreInvoker] 핀 과목 전달 완료
[2026-01-21 19:52:12:37402]  INFO  69188 --- [   scheduling-1] k.a.b.config.ExternalPreInvoker          : [ExternalPreInvoker] 과목 수신 완료
[2026-01-21 19:52:13:38405]  INFO  69188 --- [   scheduling-1] k.a.b.config.ExternalPreInvoker          : [ExternalPreInvoker] 과목 수신 완료
[2026-01-21 19:52:14:39413]  INFO  69188 --- [   scheduling-1] k.a.b.config.ExternalPreInvoker          : [ExternalPreInvoker] 과목 수신 완료
[2026-01-21 19:52:15:40415]  INFO  69188 --- [   scheduling-1] k.a.b.config.ExternalPreInvoker          : [ExternalPreInvoker] 과목 수신 완료
[2026-01-21 19:52:16:41422]  INFO  69188 --- [   scheduling-1] k.a.b.config.ExternalPreInvoker          : [ExternalPreInvoker] 과목 수신 완료
[2026-01-21 19:52:17:42433]  INFO  69188 --- [   scheduling-1] k.a.b.config.ExternalPreInvoker          : [ExternalPreInvoker] 과목 수신 완료
[2026-01-21 19:52:18:43442]  INFO  69188 --- [   scheduling-1] k.a.b.config.ExternalPreInvoker          : [ExternalPreInvoker] 과목 수신 완료
[2026-01-21 19:52:19:44448]  INFO  69188 --- [   scheduling-1] k.a.b.config.ExternalPreInvoker          : [ExternalPreInvoker] 과목 수신 완료
[2026-01-21 19:52:20:45454]  INFO  69188 --- [   scheduling-1] k.a.b.config.ExternalPreInvoker          : [ExternalPreInvoker] 과목 수신 완료
[2026-01-21 19:52:21:46459]  INFO  69188 --- [   scheduling-1] k.a.b.config.ExternalPreInvoker          : [ExternalPreInvoker] 과목 수신 완료
[2026-01-21 19:52:22:47123]  INFO  69188 --- [   scheduling-1] k.a.b.domain.seat.SeatStorageLogger      : [SEAT_STORAGE_METRICS] []
[2026-01-21 19:52:22:47281]  INFO  69188 --- [   scheduling-1] k.a.b.config.ExternalPreInvoker          : [ExternalPreInvoker] 핀 과목 전달 완료
[2026-01-21 19:52:22:47466]  INFO  69188 --- [   scheduling-1] k.a.b.config.ExternalPreInvoker          : [ExternalPreInvoker] 과목 수신 완료
[2026-01-21 19:52:23:48474]  INFO  69188 --- [   scheduling-1] k.a.b.config.ExternalPreInvoker          : [ExternalPreInvoker] 과목 수신 완료
[2026-01-21 19:52:24:49482]  INFO  69188 --- [   scheduling-1] k.a.b.config.ExternalPreInvoker          : [ExternalPreInvoker] 과목 수신 완료
[2026-01-21 19:52:25:50484]  INFO  69188 --- [   scheduling-1] k.a.b.config.ExternalPreInvoker          : [ExternalPreInvoker] 과목 수신 완료
[2026-01-21 19:52:26:51491]  INFO  69188 --- [   scheduling-1] k.a.b.config.ExternalPreInvoker          : [ExternalPreInvoker] 과목 수신 완료
[2026-01-21 19:52:27:52517]  INFO  69188 --- [   scheduling-1] k.a.b.config.ExternalPreInvoker          : [ExternalPreInvoker] 과목 수신 완료
[2026-01-21 19:52:28:53525]  INFO  69188 --- [   scheduling-1] k.a.b.config.ExternalPreInvoker          : [ExternalPreInvoker] 과목 수신 완료
[2026-01-21 19:52:29:54536]  INFO  69188 --- [   scheduling-1] k.a.b.config.ExternalPreInvoker          : [ExternalPreInvoker] 과목 수신 완료
[2026-01-21 19:52:30:55546]  INFO  69188 --- [   scheduling-1] k.a.b.config.ExternalPreInvoker          : [ExternalPreInvoker] 과목 수신 완료
[2026-01-21 19:52:31:56548]  INFO  69188 --- [   scheduling-1] k.a.b.config.ExternalPreInvoker          : [ExternalPreInvoker] 과목 수신 완료
[2026-01-21 19:52:32:57120]  INFO  69188 --- [   scheduling-1] k.a.b.domain.seat.SeatStorageLogger      : [SEAT_STORAGE_METRICS] []
[2026-01-21 19:52:32:57295]  INFO  69188 --- [   scheduling-1] k.a.b.config.ExternalPreInvoker          : [ExternalPreInvoker] 핀 과목 전달 완료
[2026-01-21 19:52:32:57553]  INFO  69188 --- [   scheduling-1] k.a.b.config.ExternalPreInvoker          : [ExternalPreInvoker] 과목 수신 완료
[2026-01-21 19:52:33:58571]  INFO  69188 --- [   scheduling-1] k.a.b.config.ExternalPreInvoker          : [ExternalPreInvoker] 과목 수신 완료
[2026-01-21 19:52:34:59580]  INFO  69188 --- [   scheduling-1] k.a.b.config.ExternalPreInvoker          : [ExternalPreInvoker] 과목 수신 완료
[2026-01-21 19:52:35:60590]  INFO  69188 --- [   scheduling-1] k.a.b.config.ExternalPreInvoker          : [ExternalPreInvoker] 과목 수신 완료
[2026-01-21 19:52:36:61597]  INFO  69188 --- [   scheduling-1] k.a.b.config.ExternalPreInvoker          : [ExternalPreInvoker] 과목 수신 완료
[2026-01-21 19:52:37:62603]  INFO  69188 --- [   scheduling-1] k.a.b.config.ExternalPreInvoker          : [ExternalPreInvoker] 과목 수신 완료
[2026-01-21 19:52:38:63611]  INFO  69188 --- [   scheduling-1] k.a.b.config.ExternalPreInvoker          : [ExternalPreInvoker] 과목 수신 완료
[2026-01-21 19:52:39:64617]  INFO  69188 --- [   scheduling-1] k.a.b.config.ExternalPreInvoker          : [ExternalPreInvoker] 과목 수신 완료
[2026-01-21 19:52:40:65622]  INFO  69188 --- [   scheduling-1] k.a.b.config.ExternalPreInvoker          : [ExternalPreInvoker] 과목 수신 완료
[2026-01-21 19:52:41:66628]  INFO  69188 --- [   scheduling-1] k.a.b.config.ExternalPreInvoker          : [ExternalPreInvoker] 과목 수신 완료
[2026-01-21 19:52:42:67121]  INFO  69188 --- [   scheduling-1] k.a.b.domain.seat.SeatStorageLogger      : [SEAT_STORAGE_METRICS] []
[2026-01-21 19:52:42:67315]  INFO  69188 --- [   scheduling-1] k.a.b.config.ExternalPreInvoker          : [ExternalPreInvoker] 핀 과목 전달 완료
[2026-01-21 19:52:42:67629]  INFO  69188 --- [   scheduling-1] k.a.b.config.ExternalPreInvoker          : [ExternalPreInvoker] 과목 수신 완료
[2026-01-21 19:52:43:68645]  INFO  69188 --- [   scheduling-1] k.a.b.config.ExternalPreInvoker          : [ExternalPreInvoker] 과목 수신 완료
[2026-01-21 19:52:44:69650]  INFO  69188 --- [   scheduling-1] k.a.b.config.ExternalPreInvoker          : [ExternalPreInvoker] 과목 수신 완료
[2026-01-21 19:52:45:70655]  INFO  69188 --- [   scheduling-1] k.a.b.config.ExternalPreInvoker          : [ExternalPreInvoker] 과목 수신 완료
[2026-01-21 19:52:46:71661]  INFO  69188 --- [   scheduling-1] k.a.b.config.ExternalPreInvoker          : [ExternalPreInvoker] 과목 수신 완료
[2026-01-21 19:52:47:72665]  INFO  69188 --- [   scheduling-1] k.a.b.config.ExternalPreInvoker          : [ExternalPreInvoker] 과목 수신 완료
[2026-01-21 19:52:48:73668]  INFO  69188 --- [   scheduling-1] k.a.b.config.ExternalPreInvoker          : [ExternalPreInvoker] 과목 수신 완료
[2026-01-21 19:52:49:74674]  INFO  69188 --- [   scheduling-1] k.a.b.config.ExternalPreInvoker          : [ExternalPreInvoker] 과목 수신 완료
[2026-01-21 19:52:50:75677]  INFO  69188 --- [   scheduling-1] k.a.b.config.ExternalPreInvoker          : [ExternalPreInvoker] 과목 수신 완료
[2026-01-21 19:52:51:76678]  INFO  69188 --- [   scheduling-1] k.a.b.config.ExternalPreInvoker          : [ExternalPreInvoker] 과목 수신 완료
[2026-01-21 19:52:52:77121]  INFO  69188 --- [   scheduling-1] k.a.b.domain.seat.SeatStorageLogger      : [SEAT_STORAGE_METRICS] []
[2026-01-21 19:52:52:77325]  INFO  69188 --- [   scheduling-1] k.a.b.config.ExternalPreInvoker          : [ExternalPreInvoker] 핀 과목 전달 완료
[2026-01-21 19:52:52:77684]  INFO  69188 --- [   scheduling-1] k.a.b.config.ExternalPreInvoker          : [ExternalPreInvoker] 과목 수신 완료
[2026-01-21 19:52:53:78691]  INFO  69188 --- [   scheduling-1] k.a.b.config.ExternalPreInvoker          : [ExternalPreInvoker] 과목 수신 완료
[2026-01-21 19:52:54:79698]  INFO  69188 --- [   scheduling-1] k.a.b.config.ExternalPreInvoker          : [ExternalPreInvoker] 과목 수신 완료
[2026-01-21 19:52:55:80701]  INFO  69188 --- [   scheduling-1] k.a.b.config.ExternalPreInvoker          : [ExternalPreInvoker] 과목 수신 완료
[2026-01-21 19:52:56:81707]  INFO  69188 --- [   scheduling-1] k.a.b.config.ExternalPreInvoker          : [ExternalPreInvoker] 과목 수신 완료
[2026-01-21 19:52:57:82721]  INFO  69188 --- [   scheduling-1] k.a.b.config.ExternalPreInvoker          : [ExternalPreInvoker] 과목 수신 완료
[2026-01-21 19:52:58:83726]  INFO  69188 --- [   scheduling-1] k.a.b.config.ExternalPreInvoker          : [ExternalPreInvoker] 과목 수신 완료
[2026-01-21 19:52:59:84731]  INFO  69188 --- [   scheduling-1] k.a.b.config.ExternalPreInvoker          : [ExternalPreInvoker] 과목 수신 완료
[2026-01-21 19:53:00:85743]  INFO  69188 --- [   scheduling-1] k.a.b.config.ExternalPreInvoker          : [ExternalPreInvoker] 과목 수신 완료
[2026-01-21 19:53:01:86747]  INFO  69188 --- [   scheduling-1] k.a.b.config.ExternalPreInvoker          : [ExternalPreInvoker] 과목 수신 완료
[2026-01-21 19:53:02:87122]  INFO  69188 --- [   scheduling-1] k.a.b.domain.seat.SeatStorageLogger      : [SEAT_STORAGE_METRICS] []
[2026-01-21 19:53:02:87343]  INFO  69188 --- [   scheduling-1] k.a.b.config.ExternalPreInvoker          : [ExternalPreInvoker] 핀 과목 전달 완료
[2026-01-21 19:53:02:87750]  INFO  69188 --- [   scheduling-1] k.a.b.config.ExternalPreInvoker          : [ExternalPreInvoker] 과목 수신 완료
[2026-01-21 19:53:03:88757]  INFO  69188 --- [   scheduling-1] k.a.b.config.ExternalPreInvoker          : [ExternalPreInvoker] 과목 수신 완료
[2026-01-21 19:53:04:89761]  INFO  69188 --- [   scheduling-1] k.a.b.config.ExternalPreInvoker          : [ExternalPreInvoker] 과목 수신 완료
[2026-01-21 19:53:05:90765]  INFO  69188 --- [   scheduling-1] k.a.b.config.ExternalPreInvoker          : [ExternalPreInvoker] 과목 수신 완료
[2026-01-21 19:53:06:91769]  INFO  69188 --- [   scheduling-1] k.a.b.config.ExternalPreInvoker          : [ExternalPreInvoker] 과목 수신 완료
[2026-01-21 19:53:07:92772]  INFO  69188 --- [   scheduling-1] k.a.b.config.ExternalPreInvoker          : [ExternalPreInvoker] 과목 수신 완료
[2026-01-21 19:53:08:93780]  INFO  69188 --- [   scheduling-1] k.a.b.config.ExternalPreInvoker          : [ExternalPreInvoker] 과목 수신 완료
[2026-01-21 19:53:09:94787]  INFO  69188 --- [   scheduling-1] k.a.b.config.ExternalPreInvoker          : [ExternalPreInvoker] 과목 수신 완료
[2026-01-21 19:53:10:95794]  INFO  69188 --- [   scheduling-1] k.a.b.config.ExternalPreInvoker          : [ExternalPreInvoker] 과목 수신 완료
[2026-01-21 19:53:11:96802]  INFO  69188 --- [   scheduling-1] k.a.b.config.ExternalPreInvoker          : [ExternalPreInvoker] 과목 수신 완료
[2026-01-21 19:53:12:97123]  INFO  69188 --- [   scheduling-1] k.a.b.domain.seat.SeatStorageLogger      : [SEAT_STORAGE_METRICS] []
[2026-01-21 19:53:12:97352]  INFO  69188 --- [   scheduling-1] k.a.b.config.ExternalPreInvoker          : [ExternalPreInvoker] 핀 과목 전달 완료
[2026-01-21 19:53:12:97810]  INFO  69188 --- [   scheduling-1] k.a.b.config.ExternalPreInvoker          : [ExternalPreInvoker] 과목 수신 완료
[2026-01-21 19:53:13:98819]  INFO  69188 --- [   scheduling-1] k.a.b.config.ExternalPreInvoker          : [ExternalPreInvoker] 과목 수신 완료
[2026-01-21 19:53:14:99824]  INFO  69188 --- [   scheduling-1] k.a.b.config.ExternalPreInvoker          : [ExternalPreInvoker] 과목 수신 완료
[2026-01-21 19:53:15:100830]  INFO  69188 --- [   scheduling-1] k.a.b.config.ExternalPreInvoker          : [ExternalPreInvoker] 과목 수신 완료
[2026-01-21 19:53:16:101835]  INFO  69188 --- [   scheduling-1] k.a.b.config.ExternalPreInvoker          : [ExternalPreInvoker] 과목 수신 완료
[2026-01-21 19:53:17:102839]  INFO  69188 --- [   scheduling-1] k.a.b.config.ExternalPreInvoker          : [ExternalPreInvoker] 과목 수신 완료
[2026-01-21 19:53:18:103844]  INFO  69188 --- [   scheduling-1] k.a.b.config.ExternalPreInvoker          : [ExternalPreInvoker] 과목 수신 완료
[2026-01-21 19:53:19:104849]  INFO  69188 --- [   scheduling-1] k.a.b.config.ExternalPreInvoker          : [ExternalPreInvoker] 과목 수신 완료
[2026-01-21 19:53:20:105851]  INFO  69188 --- [   scheduling-1] k.a.b.config.ExternalPreInvoker          : [ExternalPreInvoker] 과목 수신 완료
[2026-01-21 19:53:21:106861]  INFO  69188 --- [   scheduling-1] k.a.b.config.ExternalPreInvoker          : [ExternalPreInvoker] 과목 수신 완료
[2026-01-21 19:53:22:107120]  INFO  69188 --- [   scheduling-1] k.a.b.domain.seat.SeatStorageLogger      : [SEAT_STORAGE_METRICS] []
[2026-01-21 19:53:22:107373]  INFO  69188 --- [   scheduling-1] k.a.b.config.ExternalPreInvoker          : [ExternalPreInvoker] 핀 과목 전달 완료
[2026-01-21 19:53:22:107870]  INFO  69188 --- [   scheduling-1] k.a.b.config.ExternalPreInvoker          : [ExternalPreInvoker] 과목 수신 완료
[2026-01-21 19:53:23:108876]  INFO  69188 --- [   scheduling-1] k.a.b.config.ExternalPreInvoker          : [ExternalPreInvoker] 과목 수신 완료
[2026-01-21 19:53:24:109883]  INFO  69188 --- [   scheduling-1] k.a.b.config.ExternalPreInvoker          : [ExternalPreInvoker] 과목 수신 완료
[2026-01-21 19:53:25:110890]  INFO  69188 --- [   scheduling-1] k.a.b.config.ExternalPreInvoker          : [ExternalPreInvoker] 과목 수신 완료
[2026-01-21 19:53:26:111898]  INFO  69188 --- [   scheduling-1] k.a.b.config.ExternalPreInvoker          : [ExternalPreInvoker] 과목 수신 완료
[2026-01-21 19:53:27:112909]  INFO  69188 --- [   scheduling-1] k.a.b.config.ExternalPreInvoker          : [ExternalPreInvoker] 과목 수신 완료
[2026-01-21 19:53:28:113921]  INFO  69188 --- [   scheduling-1] k.a.b.config.ExternalPreInvoker          : [ExternalPreInvoker] 과목 수신 완료
[2026-01-21 19:53:29:114924]  INFO  69188 --- [   scheduling-1] k.a.b.config.ExternalPreInvoker          : [ExternalPreInvoker] 과목 수신 완료
[2026-01-21 19:53:30:115928]  INFO  69188 --- [   scheduling-1] k.a.b.config.ExternalPreInvoker          : [ExternalPreInvoker] 과목 수신 완료
[2026-01-21 19:53:31:116930]  INFO  69188 --- [   scheduling-1] k.a.b.config.ExternalPreInvoker          : [ExternalPreInvoker] 과목 수신 완료
[2026-01-21 19:53:32:117121]  INFO  69188 --- [   scheduling-1] k.a.b.domain.seat.SeatStorageLogger      : [SEAT_STORAGE_METRICS] []
[2026-01-21 19:53:32:117383]  INFO  69188 --- [   scheduling-1] k.a.b.config.ExternalPreInvoker          : [ExternalPreInvoker] 핀 과목 전달 완료
[2026-01-21 19:53:32:117936]  INFO  69188 --- [   scheduling-1] k.a.b.config.ExternalPreInvoker          : [ExternalPreInvoker] 과목 수신 완료
[2026-01-21 19:53:33:118960]  INFO  69188 --- [   scheduling-1] k.a.b.config.ExternalPreInvoker          : [ExternalPreInvoker] 과목 수신 완료
[2026-01-21 19:53:34:119965]  INFO  69188 --- [   scheduling-1] k.a.b.config.ExternalPreInvoker          : [ExternalPreInvoker] 과목 수신 완료
[2026-01-21 19:53:35:120967]  INFO  69188 --- [   scheduling-1] k.a.b.config.ExternalPreInvoker          : [ExternalPreInvoker] 과목 수신 완료
[2026-01-21 19:53:37:121973]  INFO  69188 --- [   scheduling-1] k.a.b.config.ExternalPreInvoker          : [ExternalPreInvoker] 과목 수신 완료
[2026-01-21 19:53:38:122979]  INFO  69188 --- [   scheduling-1] k.a.b.config.ExternalPreInvoker          : [ExternalPreInvoker] 과목 수신 완료
[2026-01-21 19:53:39:123982]  INFO  69188 --- [   scheduling-1] k.a.b.config.ExternalPreInvoker          : [ExternalPreInvoker] 과목 수신 완료
[2026-01-21 19:53:40:124990]  INFO  69188 --- [   scheduling-1] k.a.b.config.ExternalPreInvoker          : [ExternalPreInvoker] 과목 수신 완료
[2026-01-21 19:53:41:125996]  INFO  69188 --- [   scheduling-1] k.a.b.config.ExternalPreInvoker          : [ExternalPreInvoker] 과목 수신 완료
[2026-01-21 19:53:42:126999]  INFO  69188 --- [   scheduling-1] k.a.b.config.ExternalPreInvoker          : [ExternalPreInvoker] 과목 수신 완료
[2026-01-21 19:53:42:127122]  INFO  69188 --- [   scheduling-1] k.a.b.domain.seat.SeatStorageLogger      : [SEAT_STORAGE_METRICS] []
[2026-01-21 19:53:42:127396]  INFO  69188 --- [   scheduling-1] k.a.b.config.ExternalPreInvoker          : [ExternalPreInvoker] 핀 과목 전달 완료
[2026-01-21 19:53:43:128003]  INFO  69188 --- [   scheduling-1] k.a.b.config.ExternalPreInvoker          : [ExternalPreInvoker] 과목 수신 완료
[2026-01-21 19:53:44:129008]  INFO  69188 --- [   scheduling-1] k.a.b.config.ExternalPreInvoker          : [ExternalPreInvoker] 과목 수신 완료
[2026-01-21 19:53:45:130012]  INFO  69188 --- [   scheduling-1] k.a.b.config.ExternalPreInvoker          : [ExternalPreInvoker] 과목 수신 완료
[2026-01-21 19:53:46:131018]  INFO  69188 --- [   scheduling-1] k.a.b.config.ExternalPreInvoker          : [ExternalPreInvoker] 과목 수신 완료
[2026-01-21 19:53:47:132025]  INFO  69188 --- [   scheduling-1] k.a.b.config.ExternalPreInvoker          : [ExternalPreInvoker] 과목 수신 완료
[2026-01-21 19:53:48:133030]  INFO  69188 --- [   scheduling-1] k.a.b.config.ExternalPreInvoker          : [ExternalPreInvoker] 과목 수신 완료
[2026-01-21 19:53:49:134033]  INFO  69188 --- [   scheduling-1] k.a.b.config.ExternalPreInvoker          : [ExternalPreInvoker] 과목 수신 완료
[2026-01-21 19:53:50:135035]  INFO  69188 --- [   scheduling-1] k.a.b.config.ExternalPreInvoker          : [ExternalPreInvoker] 과목 수신 완료
[2026-01-21 19:53:51:136040]  INFO  69188 --- [   scheduling-1] k.a.b.config.ExternalPreInvoker          : [ExternalPreInvoker] 과목 수신 완료
[2026-01-21 19:53:52:137043]  INFO  69188 --- [   scheduling-1] k.a.b.config.ExternalPreInvoker          : [ExternalPreInvoker] 과목 수신 완료
[2026-01-21 19:53:52:137121]  INFO  69188 --- [   scheduling-1] k.a.b.domain.seat.SeatStorageLogger      : [SEAT_STORAGE_METRICS] []
[2026-01-21 19:53:52:137404]  INFO  69188 --- [   scheduling-1] k.a.b.config.ExternalPreInvoker          : [ExternalPreInvoker] 핀 과목 전달 완료
[2026-01-21 19:53:53:138045]  INFO  69188 --- [   scheduling-1] k.a.b.config.ExternalPreInvoker          : [ExternalPreInvoker] 과목 수신 완료
[2026-01-21 19:53:54:139049]  INFO  69188 --- [   scheduling-1] k.a.b.config.ExternalPreInvoker          : [ExternalPreInvoker] 과목 수신 완료
[2026-01-21 19:53:55:140055]  INFO  69188 --- [   scheduling-1] k.a.b.config.ExternalPreInvoker          : [ExternalPreInvoker] 과목 수신 완료
[2026-01-21 19:53:56:141067]  INFO  69188 --- [   scheduling-1] k.a.b.config.ExternalPreInvoker          : [ExternalPreInvoker] 과목 수신 완료
[2026-01-21 19:53:57:142068]  INFO  69188 --- [   scheduling-1] k.a.b.config.ExternalPreInvoker          : [ExternalPreInvoker] 과목 수신 완료
[2026-01-21 19:53:58:143071]  INFO  69188 --- [   scheduling-1] k.a.b.config.ExternalPreInvoker          : [ExternalPreInvoker] 과목 수신 완료
[2026-01-21 19:53:59:144076]  INFO  69188 --- [   scheduling-1] k.a.b.config.ExternalPreInvoker          : [ExternalPreInvoker] 과목 수신 완료
[2026-01-21 19:54:00:145082]  INFO  69188 --- [   scheduling-1] k.a.b.config.ExternalPreInvoker          : [ExternalPreInvoker] 과목 수신 완료
[2026-01-21 19:54:01:146085]  INFO  69188 --- [   scheduling-1] k.a.b.config.ExternalPreInvoker          : [ExternalPreInvoker] 과목 수신 완료
[2026-01-21 19:54:02:147091]  INFO  69188 --- [   scheduling-1] k.a.b.config.ExternalPreInvoker          : [ExternalPreInvoker] 과목 수신 완료
[2026-01-21 19:54:02:147120]  INFO  69188 --- [   scheduling-1] k.a.b.domain.seat.SeatStorageLogger      : [SEAT_STORAGE_METRICS] []
[2026-01-21 19:54:02:147417]  INFO  69188 --- [   scheduling-1] k.a.b.config.ExternalPreInvoker          : [ExternalPreInvoker] 핀 과목 전달 완료
[2026-01-21 19:54:03:148096]  INFO  69188 --- [   scheduling-1] k.a.b.config.ExternalPreInvoker          : [ExternalPreInvoker] 과목 수신 완료
[2026-01-21 19:54:04:149101]  INFO  69188 --- [   scheduling-1] k.a.b.config.ExternalPreInvoker          : [ExternalPreInvoker] 과목 수신 완료
[2026-01-21 19:54:05:150104]  INFO  69188 --- [   scheduling-1] k.a.b.config.ExternalPreInvoker          : [ExternalPreInvoker] 과목 수신 완료
[2026-01-21 19:54:06:151109]  INFO  69188 --- [   scheduling-1] k.a.b.config.ExternalPreInvoker          : [ExternalPreInvoker] 과목 수신 완료
[2026-01-21 19:54:07:152114]  INFO  69188 --- [   scheduling-1] k.a.b.config.ExternalPreInvoker          : [ExternalPreInvoker] 과목 수신 완료
[2026-01-21 19:54:08:153119]  INFO  69188 --- [   scheduling-1] k.a.b.config.ExternalPreInvoker          : [ExternalPreInvoker] 과목 수신 완료
[2026-01-21 19:54:09:154125]  INFO  69188 --- [   scheduling-1] k.a.b.config.ExternalPreInvoker          : [ExternalPreInvoker] 과목 수신 완료
[2026-01-21 19:54:10:155127]  INFO  69188 --- [   scheduling-1] k.a.b.config.ExternalPreInvoker          : [ExternalPreInvoker] 과목 수신 완료
[2026-01-21 19:54:11:156133]  INFO  69188 --- [   scheduling-1] k.a.b.config.ExternalPreInvoker          : [ExternalPreInvoker] 과목 수신 완료
[2026-01-21 19:54:12:157121]  INFO  69188 --- [   scheduling-1] k.a.b.domain.seat.SeatStorageLogger      : [SEAT_STORAGE_METRICS] []
[2026-01-21 19:54:12:157137]  INFO  69188 --- [   scheduling-1] k.a.b.config.ExternalPreInvoker          : [ExternalPreInvoker] 과목 수신 완료
[2026-01-21 19:54:12:157429]  INFO  69188 --- [   scheduling-1] k.a.b.config.ExternalPreInvoker          : [ExternalPreInvoker] 핀 과목 전달 완료
[2026-01-21 19:54:13:158142]  INFO  69188 --- [   scheduling-1] k.a.b.config.ExternalPreInvoker          : [ExternalPreInvoker] 과목 수신 완료
[2026-01-21 19:54:14:159147]  INFO  69188 --- [   scheduling-1] k.a.b.config.ExternalPreInvoker          : [ExternalPreInvoker] 과목 수신 완료
[2026-01-21 19:54:15:160150]  INFO  69188 --- [   scheduling-1] k.a.b.config.ExternalPreInvoker          : [ExternalPreInvoker] 과목 수신 완료
[2026-01-21 19:54:16:161157]  INFO  69188 --- [   scheduling-1] k.a.b.config.ExternalPreInvoker          : [ExternalPreInvoker] 과목 수신 완료
[2026-01-21 19:54:17:162159]  INFO  69188 --- [   scheduling-1] k.a.b.config.ExternalPreInvoker          : [ExternalPreInvoker] 과목 수신 완료
[2026-01-21 19:54:18:163165]  INFO  69188 --- [   scheduling-1] k.a.b.config.ExternalPreInvoker          : [ExternalPreInvoker] 과목 수신 완료
[2026-01-21 19:54:19:164168]  INFO  69188 --- [   scheduling-1] k.a.b.config.ExternalPreInvoker          : [ExternalPreInvoker] 과목 수신 완료
[2026-01-21 19:54:20:165173]  INFO  69188 --- [   scheduling-1] k.a.b.config.ExternalPreInvoker          : [ExternalPreInvoker] 과목 수신 완료
[2026-01-21 19:54:21:166178]  INFO  69188 --- [   scheduling-1] k.a.b.config.ExternalPreInvoker          : [ExternalPreInvoker] 과목 수신 완료
[2026-01-21 19:54:22:167121]  INFO  69188 --- [   scheduling-1] k.a.b.domain.seat.SeatStorageLogger      : [SEAT_STORAGE_METRICS] []
[2026-01-21 19:54:22:167184]  INFO  69188 --- [   scheduling-1] k.a.b.config.ExternalPreInvoker          : [ExternalPreInvoker] 과목 수신 완료
[2026-01-21 19:54:22:167437]  INFO  69188 --- [   scheduling-1] k.a.b.config.ExternalPreInvoker          : [ExternalPreInvoker] 핀 과목 전달 완료
[2026-01-21 19:54:23:168190]  INFO  69188 --- [   scheduling-1] k.a.b.config.ExternalPreInvoker          : [ExternalPreInvoker] 과목 수신 완료
[2026-01-21 19:54:24:169198]  INFO  69188 --- [   scheduling-1] k.a.b.config.ExternalPreInvoker          : [ExternalPreInvoker] 과목 수신 완료
[2026-01-21 19:54:25:170203]  INFO  69188 --- [   scheduling-1] k.a.b.config.ExternalPreInvoker          : [ExternalPreInvoker] 과목 수신 완료
[2026-01-21 19:54:26:171210]  INFO  69188 --- [   scheduling-1] k.a.b.config.ExternalPreInvoker          : [ExternalPreInvoker] 과목 수신 완료
[2026-01-21 19:54:27:172214]  INFO  69188 --- [   scheduling-1] k.a.b.config.ExternalPreInvoker          : [ExternalPreInvoker] 과목 수신 완료
[2026-01-21 19:54:28:173218]  INFO  69188 --- [   scheduling-1] k.a.b.config.ExternalPreInvoker          : [ExternalPreInvoker] 과목 수신 완료
[2026-01-21 19:54:29:174220]  INFO  69188 --- [   scheduling-1] k.a.b.config.ExternalPreInvoker          : [ExternalPreInvoker] 과목 수신 완료
[2026-01-21 19:54:30:175226]  INFO  69188 --- [   scheduling-1] k.a.b.config.ExternalPreInvoker          : [ExternalPreInvoker] 과목 수신 완료
[2026-01-21 19:54:31:176231]  INFO  69188 --- [   scheduling-1] k.a.b.config.ExternalPreInvoker          : [ExternalPreInvoker] 과목 수신 완료
[2026-01-21 19:54:32:177124]  INFO  69188 --- [   scheduling-1] k.a.b.domain.seat.SeatStorageLogger      : [SEAT_STORAGE_METRICS] []
[2026-01-21 19:54:32:177236]  INFO  69188 --- [   scheduling-1] k.a.b.config.ExternalPreInvoker          : [ExternalPreInvoker] 과목 수신 완료
[2026-01-21 19:54:32:177451]  INFO  69188 --- [   scheduling-1] k.a.b.config.ExternalPreInvoker          : [ExternalPreInvoker] 핀 과목 전달 완료
[2026-01-21 19:54:33:178242]  INFO  69188 --- [   scheduling-1] k.a.b.config.ExternalPreInvoker          : [ExternalPreInvoker] 과목 수신 완료
[2026-01-21 19:54:34:179254]  INFO  69188 --- [   scheduling-1] k.a.b.config.ExternalPreInvoker          : [ExternalPreInvoker] 과목 수신 완료
[2026-01-21 19:54:35:180258]  INFO  69188 --- [   scheduling-1] k.a.b.config.ExternalPreInvoker          : [ExternalPreInvoker] 과목 수신 완료
[2026-01-21 19:54:36:181263]  INFO  69188 --- [   scheduling-1] k.a.b.config.ExternalPreInvoker          : [ExternalPreInvoker] 과목 수신 완료
[2026-01-21 19:54:37:182268]  INFO  69188 --- [   scheduling-1] k.a.b.config.ExternalPreInvoker          : [ExternalPreInvoker] 과목 수신 완료
[2026-01-21 19:54:38:183271]  INFO  69188 --- [   scheduling-1] k.a.b.config.ExternalPreInvoker          : [ExternalPreInvoker] 과목 수신 완료
[2026-01-21 19:54:39:184277]  INFO  69188 --- [   scheduling-1] k.a.b.config.ExternalPreInvoker          : [ExternalPreInvoker] 과목 수신 완료
[2026-01-21 19:54:40:185280]  INFO  69188 --- [   scheduling-1] k.a.b.config.ExternalPreInvoker          : [ExternalPreInvoker] 과목 수신 완료
[2026-01-21 19:54:41:186285]  INFO  69188 --- [   scheduling-1] k.a.b.config.ExternalPreInvoker          : [ExternalPreInvoker] 과목 수신 완료
[2026-01-21 19:54:42:187124]  INFO  69188 --- [   scheduling-1] k.a.b.domain.seat.SeatStorageLogger      : [SEAT_STORAGE_METRICS] []
[2026-01-21 19:54:42:187291]  INFO  69188 --- [   scheduling-1] k.a.b.config.ExternalPreInvoker          : [ExternalPreInvoker] 과목 수신 완료
[2026-01-21 19:54:42:187455]  INFO  69188 --- [   scheduling-1] k.a.b.config.ExternalPreInvoker          : [ExternalPreInvoker] 핀 과목 전달 완료
[2026-01-21 19:54:43:188293]  INFO  69188 --- [   scheduling-1] k.a.b.config.ExternalPreInvoker          : [ExternalPreInvoker] 과목 수신 완료
[2026-01-21 19:54:44:189299]  INFO  69188 --- [   scheduling-1] k.a.b.config.ExternalPreInvoker          : [ExternalPreInvoker] 과목 수신 완료
[2026-01-21 19:54:45:190305]  INFO  69188 --- [   scheduling-1] k.a.b.config.ExternalPreInvoker          : [ExternalPreInvoker] 과목 수신 완료
[2026-01-21 19:54:46:191311]  INFO  69188 --- [   scheduling-1] k.a.b.config.ExternalPreInvoker          : [ExternalPreInvoker] 과목 수신 완료
[2026-01-21 19:54:46:191824]  INFO  69188 --- [ionShutdownHook] o.s.b.w.e.tomcat.GracefulShutdown        : Commencing graceful shutdown. Waiting for active requests to complete
[2026-01-21 19:54:46:191837]  INFO  69188 --- [tomcat-shutdown] o.s.b.w.e.tomcat.GracefulShutdown        : Graceful shutdown complete
[2026-01-21 19:54:46:191854]  INFO  69188 --- [ionShutdownHook] j.LocalContainerEntityManagerFactoryBean : Closing JPA EntityManagerFactory for persistence unit 'default'
[2026-01-21 19:54:46:191874]  INFO  69188 --- [ionShutdownHook] com.zaxxer.hikari.HikariDataSource       : HikariPool-1 - Shutdown initiated...
[2026-01-21 19:54:46:191888]  INFO  69188 --- [ionShutdownHook] com.zaxxer.hikari.HikariDataSource       : HikariPool-1 - Shutdown completed.
